This is pdfTeX, Version 3.141592653-2.6-1.40.27 (MiKTeX 25.4) (preloaded format=pdflatex 2025.5.3)  4 MAY 2025 17:51
entering extended mode
 restricted \write18 enabled.
 %&-line parsing enabled.
**$
(C:\Users\SIMI\Documents\SimiFlight\documentation\build\latex\SimiFlight.tex
LaTeX2e <2024-11-01> patch level 2
L3 programming layer <2025-03-26>

! LaTeX Error: File `sphinxmanual.cls' not found.

Type X to quit or <RETURN> to proceed,
or enter new name. (Default extension: cls)

Enter file name: C:\Users\SIMI\Documents\SimiFlight\documentation\build\latex\S
imiFlight.tex
! Undefined control sequence.
<argument> C:\Users 
                    \SIMI \Documents \SimiFlight \documentation \build \late...
l.4 \ifdefined
              \pdfpxdimen
? 
! Undefined control sequence.
<argument> C:\Users \SIMI 
                          \Documents \SimiFlight \documentation \build \late...
l.4 \ifdefined
              \pdfpxdimen
? 
! Undefined control sequence.
<argument> C:\Users \SIMI \Documents 
                                     \SimiFlight \documentation \build \late...
l.4 \ifdefined
              \pdfpxdimen
? close
Type <return> to proceed, S to scroll future error messages,
R to run without stopping, Q to run quietly,
I to insert something, E to edit your file,
1 or ... or 9 to ignore the next 1 to 9 tokens of input,
H for help, X to quit.
? extit
 
Here is how much of TeX's memory you used:
 30 strings out of 469958
 661 string characters out of 5470298
 423121 words of memory out of 5000000
 26921 multiletter control sequences out of 15000+600000
 626825 words of font info for 40 fonts, out of 8000000 for 9000
 1141 hyphenation exceptions out of 8191
 19i,0n,29p,101b,17s stack positions out of 10000i,1000n,20000p,200000b,200000s
No pages of output.
PDF statistics:
 0 PDF objects out of 1000 (max. 8388607)
 0 named destinations out of 1000 (max. 500000)
 1 words of extra memory for PDF output out of 10000 (max. 10000000)

